<?xml version="1.0" encoding="UTF-8"?>
<!-- Generated by org.testng.reporters.JUnitReportReporter -->
<testsuite hostname="LAPTOP-Q6TIU55M" failures="0" tests="1" name="Demo.Post" time="4.563" errors="0" timestamp="2022-02-04T10:06:39 IST" skipped="0">
  <testcase classname="Demo.Post" name="f" time="4.563"/>
  <system-out/>
</testsuite> <!-- Demo.Post -->
