<?xml version="1.0" encoding="UTF-8"?>
<!-- Generated by org.testng.reporters.JUnitReportReporter -->
<testsuite hostname="LAPTOP-Q6TIU55M" failures="0" tests="1" name="Demo.Get" time="3.859" errors="0" timestamp="2022-02-01T16:21:05 IST" skipped="0">
  <testcase classname="Demo.Get" name="f" time="3.859"/>
  <system-out/>
</testsuite> <!-- Demo.Get -->
