<?xml version="1.0" encoding="UTF-8"?>
<!-- Generated by org.testng.reporters.JUnitReportReporter -->
<testsuite hostname="LAPTOP-Q6TIU55M" failures="0" tests="1" name="Demo.Class1" time="3.846" errors="0" timestamp="2022-02-01T15:58:21 IST" skipped="0">
  <testcase classname="Demo.Class1" name="f" time="3.846"/>
  <system-out/>
</testsuite> <!-- Demo.Class1 -->
