<?xml version="1.0" encoding="UTF-8"?>
<!-- Generated by org.testng.reporters.JUnitReportReporter -->
<testsuite hostname="LAPTOP-Q6TIU55M" failures="0" tests="1" name="Assignment4.PutAssertion" time="2.959" errors="0" timestamp="2022-02-04T11:02:24 IST" skipped="0">
  <testcase classname="Assignment4.PutAssertion" name="f" time="2.959"/>
  <system-out/>
</testsuite> <!-- Assignment4.PutAssertion -->
