<?xml version="1.0" encoding="UTF-8"?>
<!-- Generated by org.testng.reporters.JUnitReportReporter -->
<testsuite hostname="LAPTOP-Q6TIU55M" failures="0" tests="1" name="Assignment3.Post" time="2.409" errors="0" timestamp="2022-02-03T17:35:21 IST" skipped="0">
  <testcase classname="Assignment3.Post" name="f" time="2.409"/>
  <system-out/>
</testsuite> <!-- Assignment3.Post -->
