<?xml version="1.0" encoding="UTF-8"?>
<!-- Generated by org.testng.reporters.JUnitReportReporter -->
<testsuite hostname="LAPTOP-Q6TIU55M" failures="0" tests="1" name="Assignment3.get" time="3.816" errors="0" timestamp="2022-02-04T10:13:01 IST" skipped="0">
  <testcase classname="Assignment3.get" name="f" time="3.816"/>
  <system-out/>
</testsuite> <!-- Assignment3.get -->
