<?xml version="1.0" encoding="UTF-8"?>
<!-- Generated by org.testng.reporters.JUnitReportReporter -->
<testsuite hostname="LAPTOP-Q6TIU55M" failures="0" tests="1" name="Assignment4.PostAssertion" time="2.736" errors="0" timestamp="2022-02-04T11:00:03 IST" skipped="0">
  <testcase classname="Assignment4.PostAssertion" name="f" time="2.736"/>
  <system-out/>
</testsuite> <!-- Assignment4.PostAssertion -->
