<?xml version="1.0" encoding="UTF-8"?>
<!-- Generated by org.testng.reporters.JUnitReportReporter -->
<testsuite hostname="LAPTOP-Q6TIU55M" failures="0" tests="1" name="Assignment3.delete" time="4.003" errors="0" timestamp="2022-02-04T10:24:17 IST" skipped="0">
  <testcase classname="Assignment3.delete" name="f" time="4.003"/>
  <system-out/>
</testsuite> <!-- Assignment3.delete -->
