<?xml version="1.0" encoding="UTF-8"?>
<!-- Generated by org.testng.reporters.JUnitReportReporter -->
<testsuite hostname="LAPTOP-Q6TIU55M" failures="0" tests="1" name="Assignment4.deleteAssertion" time="3.563" errors="0" timestamp="2022-02-04T10:39:03 IST" skipped="0">
  <testcase classname="Assignment4.deleteAssertion" name="f" time="3.563"/>
  <system-out/>
</testsuite> <!-- Assignment4.deleteAssertion -->
