<?xml version="1.0" encoding="UTF-8"?>
<!-- Generated by org.testng.reporters.JUnitReportReporter -->
<testsuite hostname="LAPTOP-Q6TIU55M" failures="0" tests="1" name="Assignment3.Put" time="2.653" errors="0" timestamp="2022-02-03T17:41:44 IST" skipped="0">
  <testcase classname="Assignment3.Put" name="f" time="2.653"/>
  <system-out/>
</testsuite> <!-- Assignment3.Put -->
