<?xml version="1.0" encoding="UTF-8"?>
<!-- Generated by org.testng.reporters.JUnitReportReporter -->
<testsuite hostname="LAPTOP-Q6TIU55M" failures="0" tests="1" name="Assignment3.delete" time="2.140" errors="0" timestamp="2022-02-03T17:31:07 IST" skipped="0">
  <testcase classname="Assignment3.delete" name="f" time="2.140"/>
  <system-out/>
</testsuite> <!-- Assignment3.delete -->
